<?xml version="1.0" encoding="UTF-8"?>
<!-- Generated by org.testng.reporters.JUnitReportReporter -->
<testsuite hostname="LAPTOP-CTDUKSGB" failures="0" tests="1" name="testNG_Codes.HierachyExample" time="0.054" errors="0" timestamp="2021-02-28T10:04:01 IST" skipped="0">
  <testcase classname="testNG_Codes.HierachyExample" name="f" time="0.054"/>
  <system-out/>
</testsuite> <!-- testNG_Codes.HierachyExample -->
