<?xml version="1.0" encoding="UTF-8"?>
<!-- Generated by org.testng.reporters.JUnitReportReporter -->
<testsuite hostname="LAPTOP-CTDUKSGB" failures="0" tests="1" name="testNG_Codes.Parameter" time="0.011" errors="0" timestamp="2021-02-26T19:29:27 IST" skipped="0">
  <testcase classname="testNG_Codes.Parameter" name="getValues" time="0.011"/>
  <system-out/>
</testsuite> <!-- testNG_Codes.Parameter -->
