<?xml version="1.0" encoding="UTF-8"?>
<!-- Generated by org.testng.reporters.JUnitReportReporter -->
<testsuite hostname="LAPTOP-CTDUKSGB" failures="0" tests="3" name="testNG_Codes.testNG_Sample2" time="0.017" errors="0" timestamp="2021-02-26T18:54:37 IST" skipped="0">
  <testcase classname="testNG_Codes.testNG_Sample2" name="userLogin" time="0.012"/>
  <system-out/>
  <testcase classname="testNG_Codes.testNG_Sample2" name="sendMessage" time="0.003"/>
  <system-out/>
  <testcase classname="testNG_Codes.testNG_Sample2" name="userLogout" time="0.002"/>
  <system-out/>
</testsuite> <!-- testNG_Codes.testNG_Sample2 -->
