<?xml version="1.0" encoding="UTF-8"?>
<!-- Generated by org.testng.reporters.JUnitReportReporter -->
<testsuite hostname="LAPTOP-CTDUKSGB" failures="0" tests="4" name="testNG_Codes.Grouping" time="0.022" errors="0" timestamp="2021-02-26T19:17:32 IST" skipped="0">
  <testcase classname="testNG_Codes.Grouping" name="apple2" time="0.002"/>
  <system-out/>
  <testcase classname="testNG_Codes.Grouping" name="moto2" time="0.005"/>
  <system-out/>
  <testcase classname="testNG_Codes.Grouping" name="apple1" time="0.012"/>
  <system-out/>
  <testcase classname="testNG_Codes.Grouping" name="moto1" time="0.003"/>
  <system-out/>
</testsuite> <!-- testNG_Codes.Grouping -->
