<?xml version="1.0" encoding="UTF-8"?>
<!-- Generated by org.testng.reporters.JUnitReportReporter -->
<testsuite hostname="LAPTOP-CTDUKSGB" failures="0" tests="3" name="testNG_Codes.Samples01" time="19.008" errors="0" timestamp="2021-02-26T18:30:35 IST" skipped="0">
  <testcase classname="testNG_Codes.Samples01" name="googleLaunch" time="2.231"/>
  <system-out/>
  <testcase classname="testNG_Codes.Samples01" name="bingLaunch" time="2.181"/>
  <system-out/>
  <testcase classname="testNG_Codes.Samples01" name="yahooLaunch" time="14.596"/>
  <system-out/>
</testsuite> <!-- testNG_Codes.Samples01 -->
