<?xml version="1.0" encoding="UTF-8"?>
<!-- Generated by org.testng.reporters.JUnitReportReporter -->
<testsuite hostname="LAPTOP-CTDUKSGB" failures="0" tests="2" name="testNG_Codes.ParallelTesting_Example" time="12.791" errors="0" timestamp="2021-02-27T16:06:13 IST" skipped="0">
  <testcase classname="testNG_Codes.ParallelTesting_Example" name="launchBing" time="5.344"/>
  <system-out/>
  <testcase classname="testNG_Codes.ParallelTesting_Example" name="launchGoogle" time="7.447"/>
  <system-out/>
</testsuite> <!-- testNG_Codes.ParallelTesting_Example -->
