<?xml version="1.0" encoding="UTF-8"?>
<!-- Generated by org.testng.reporters.JUnitReportReporter -->
<testsuite hostname="LAPTOP-CTDUKSGB" failures="0" tests="3" name="testNG_Codes.Suite_Example" time="64.460" errors="0" timestamp="2021-02-26T18:33:32 IST" skipped="0">
  <testcase classname="testNG_Codes.Suite_Example" name="googleLaunch" time="1.877"/>
  <system-out/>
  <testcase classname="testNG_Codes.Suite_Example" name="bingLaunch" time="1.968"/>
  <system-out/>
  <testcase classname="testNG_Codes.Suite_Example" name="yahooLaunch" time="60.615"/>
  <system-out/>
</testsuite> <!-- testNG_Codes.Suite_Example -->
