<?xml version="1.0" encoding="UTF-8"?>
<!-- Generated by org.testng.reporters.JUnitReportReporter -->
<testsuite hostname="LAPTOP-CTDUKSGB" failures="0" tests="3" name="testNG_Codes.testNG_Sample1" time="0.013" errors="0" timestamp="2021-02-26T17:41:21 IST" skipped="0">
  <testcase classname="testNG_Codes.testNG_Sample1" name="sendMessage" time="0.011"/>
  <system-out/>
  <testcase classname="testNG_Codes.testNG_Sample1" name="userLogout" time="0.001"/>
  <system-out/>
  <testcase classname="testNG_Codes.testNG_Sample1" name="userLogin" time="0.001"/>
  <system-out/>
</testsuite> <!-- testNG_Codes.testNG_Sample1 -->
