<?xml version="1.0" encoding="UTF-8"?>
<!-- Generated by org.testng.reporters.JUnitReportReporter -->
<testsuite hostname="LAPTOP-CTDUKSGB" failures="0" tests="3" name="testNG_Codes.Suite_Report" time="21.710" errors="0" timestamp="2021-02-26T18:54:37 IST" skipped="0">
  <testcase classname="testNG_Codes.Suite_Report" name="bingLaunch" time="1.817"/>
  <system-out/>
  <testcase classname="testNG_Codes.Suite_Report" name="yahooLaunch" time="17.256"/>
  <system-out/>
  <testcase classname="testNG_Codes.Suite_Report" name="googleLaunch" time="2.637"/>
  <system-out/>
</testsuite> <!-- testNG_Codes.Suite_Report -->
